2022-08-25 15:02:26,364 [Worker-4: Loading available Gradle versions] INFO  o.e.b.c.i.u.g.PublishedGradleVersions - Gradle version information cache is out-of-date. Trying to update.
2022-08-25 15:19:49,758 [Worker-9: Import Getting Started Content] INFO  o.e.m.c.i.l.LifecycleMappingFactory - Using org.eclipse.m2e.jdt.JarLifecycleMapping lifecycle mapping for MavenProject: oi.github.mizaeldouglas:workshopmongo:0.0.1-SNAPSHOT @ /home/mizaeldouglas/projetos/api-rest-work_shop-spring_boot/work_shop_spring/pom.xml.
2022-08-25 15:19:51,173 [Worker-9: Import Getting Started Content] INFO  o.e.m.c.i.e.AbstractTransferListenerAdapter - Downloading https://repo.maven.apache.org/maven2/org/springframework/boot/spring-boot-starter-data-mongodb/2.7.3/spring-boot-starter-data-mongodb-2.7.3.pom
2022-08-25 15:19:51,409 [Worker-9: Import Getting Started Content] INFO  o.e.m.c.i.e.AbstractTransferListenerAdapter - Downloaded https://repo.maven.apache.org/maven2/org/springframework/boot/spring-boot-starter-data-mongodb/2.7.3/spring-boot-starter-data-mongodb-2.7.3.pom
2022-08-25 15:19:51,857 [Worker-9: Import Getting Started Content] INFO  o.e.m.c.i.e.AbstractTransferListenerAdapter - Downloading https://repo.maven.apache.org/maven2/org/mongodb/mongodb-driver-sync/4.6.1/mongodb-driver-sync-4.6.1.pom
2022-08-25 15:19:51,989 [Worker-9: Import Getting Started Content] INFO  o.e.m.c.i.e.AbstractTransferListenerAdapter - Downloaded https://repo.maven.apache.org/maven2/org/mongodb/mongodb-driver-sync/4.6.1/mongodb-driver-sync-4.6.1.pom
2022-08-25 15:19:52,130 [Worker-9: Import Getting Started Content] INFO  o.e.m.c.i.e.AbstractTransferListenerAdapter - Downloading https://repo.maven.apache.org/maven2/org/mongodb/bson/4.6.1/bson-4.6.1.pom
2022-08-25 15:19:52,267 [Worker-9: Import Getting Started Content] INFO  o.e.m.c.i.e.AbstractTransferListenerAdapter - Downloaded https://repo.maven.apache.org/maven2/org/mongodb/bson/4.6.1/bson-4.6.1.pom
2022-08-25 15:19:52,406 [Worker-9: Import Getting Started Content] INFO  o.e.m.c.i.e.AbstractTransferListenerAdapter - Downloading https://repo.maven.apache.org/maven2/org/mongodb/mongodb-driver-core/4.6.1/mongodb-driver-core-4.6.1.pom
2022-08-25 15:19:52,537 [Worker-9: Import Getting Started Content] INFO  o.e.m.c.i.e.AbstractTransferListenerAdapter - Downloaded https://repo.maven.apache.org/maven2/org/mongodb/mongodb-driver-core/4.6.1/mongodb-driver-core-4.6.1.pom
2022-08-25 15:19:52,681 [Worker-9: Import Getting Started Content] INFO  o.e.m.c.i.e.AbstractTransferListenerAdapter - Downloading https://repo.maven.apache.org/maven2/org/mongodb/bson-record-codec/4.6.1/bson-record-codec-4.6.1.pom
2022-08-25 15:19:52,810 [Worker-9: Import Getting Started Content] INFO  o.e.m.c.i.e.AbstractTransferListenerAdapter - Downloaded https://repo.maven.apache.org/maven2/org/mongodb/bson-record-codec/4.6.1/bson-record-codec-4.6.1.pom
2022-08-25 15:19:52,964 [Worker-9: Import Getting Started Content] INFO  o.e.m.c.i.e.AbstractTransferListenerAdapter - Downloading https://repo.maven.apache.org/maven2/org/springframework/data/spring-data-mongodb/3.4.2/spring-data-mongodb-3.4.2.pom
2022-08-25 15:19:53,103 [Worker-9: Import Getting Started Content] INFO  o.e.m.c.i.e.AbstractTransferListenerAdapter - Downloaded https://repo.maven.apache.org/maven2/org/springframework/data/spring-data-mongodb/3.4.2/spring-data-mongodb-3.4.2.pom
2022-08-25 15:19:53,242 [Worker-9: Import Getting Started Content] INFO  o.e.m.c.i.e.AbstractTransferListenerAdapter - Downloading https://repo.maven.apache.org/maven2/org/springframework/data/spring-data-mongodb-parent/3.4.2/spring-data-mongodb-parent-3.4.2.pom
2022-08-25 15:19:53,374 [Worker-9: Import Getting Started Content] INFO  o.e.m.c.i.e.AbstractTransferListenerAdapter - Downloaded https://repo.maven.apache.org/maven2/org/springframework/data/spring-data-mongodb-parent/3.4.2/spring-data-mongodb-parent-3.4.2.pom
2022-08-25 15:19:54,387 [AetherRepositoryConnector-repo.maven.apache.org-0-0] INFO  o.e.m.c.i.e.AbstractTransferListenerAdapter - Downloading https://repo.maven.apache.org/maven2/org/springframework/boot/spring-boot-starter-data-mongodb/2.7.3/spring-boot-starter-data-mongodb-2.7.3.jar
2022-08-25 15:19:54,513 [AetherRepositoryConnector-repo.maven.apache.org-0-1] INFO  o.e.m.c.i.e.AbstractTransferListenerAdapter - Downloading https://repo.maven.apache.org/maven2/org/mongodb/mongodb-driver-sync/4.6.1/mongodb-driver-sync-4.6.1.jar
2022-08-25 15:19:54,514 [AetherRepositoryConnector-repo.maven.apache.org-0-4] INFO  o.e.m.c.i.e.AbstractTransferListenerAdapter - Downloading https://repo.maven.apache.org/maven2/org/mongodb/bson-record-codec/4.6.1/bson-record-codec-4.6.1.jar
2022-08-25 15:19:54,531 [AetherRepositoryConnector-repo.maven.apache.org-0-2] INFO  o.e.m.c.i.e.AbstractTransferListenerAdapter - Downloading https://repo.maven.apache.org/maven2/org/mongodb/bson/4.6.1/bson-4.6.1.jar
2022-08-25 15:19:54,642 [AetherRepositoryConnector-repo.maven.apache.org-0-3] INFO  o.e.m.c.i.e.AbstractTransferListenerAdapter - Downloading https://repo.maven.apache.org/maven2/org/mongodb/mongodb-driver-core/4.6.1/mongodb-driver-core-4.6.1.jar
2022-08-25 15:19:54,716 [AetherRepositoryConnector-repo.maven.apache.org-0-0] INFO  o.e.m.c.i.e.AbstractTransferListenerAdapter - Downloaded https://repo.maven.apache.org/maven2/org/springframework/boot/spring-boot-starter-data-mongodb/2.7.3/spring-boot-starter-data-mongodb-2.7.3.jar
2022-08-25 15:19:54,833 [AetherRepositoryConnector-repo.maven.apache.org-0-4] INFO  o.e.m.c.i.e.AbstractTransferListenerAdapter - Downloaded https://repo.maven.apache.org/maven2/org/mongodb/bson-record-codec/4.6.1/bson-record-codec-4.6.1.jar
2022-08-25 15:19:54,953 [AetherRepositoryConnector-repo.maven.apache.org-0-0] INFO  o.e.m.c.i.e.AbstractTransferListenerAdapter - Downloading https://repo.maven.apache.org/maven2/org/springframework/data/spring-data-mongodb/3.4.2/spring-data-mongodb-3.4.2.jar
2022-08-25 15:19:55,269 [AetherRepositoryConnector-repo.maven.apache.org-0-1] INFO  o.e.m.c.i.e.AbstractTransferListenerAdapter - Downloaded https://repo.maven.apache.org/maven2/org/mongodb/mongodb-driver-sync/4.6.1/mongodb-driver-sync-4.6.1.jar
2022-08-25 15:19:55,703 [AetherRepositoryConnector-repo.maven.apache.org-0-2] INFO  o.e.m.c.i.e.AbstractTransferListenerAdapter - Downloaded https://repo.maven.apache.org/maven2/org/mongodb/bson/4.6.1/bson-4.6.1.jar
2022-08-25 15:19:55,762 [AetherRepositoryConnector-repo.maven.apache.org-0-3] INFO  o.e.m.c.i.e.AbstractTransferListenerAdapter - Downloaded https://repo.maven.apache.org/maven2/org/mongodb/mongodb-driver-core/4.6.1/mongodb-driver-core-4.6.1.jar
2022-08-25 15:19:55,955 [AetherRepositoryConnector-repo.maven.apache.org-0-0] INFO  o.e.m.c.i.e.AbstractTransferListenerAdapter - Downloaded https://repo.maven.apache.org/maven2/org/springframework/data/spring-data-mongodb/3.4.2/spring-data-mongodb-3.4.2.jar
2022-08-25 15:19:58,866 [Worker-9: Import Getting Started Content] INFO  o.e.m.j.i.AbstractJavaProjectConfigurator - Adding source folder /work_shop_spring/src/main/java
2022-08-25 15:19:58,870 [Worker-9: Import Getting Started Content] INFO  o.e.m.j.i.AbstractJavaProjectConfigurator - Adding resource folder /work_shop_spring/src/main/resources
2022-08-25 15:19:58,876 [Worker-9: Import Getting Started Content] INFO  o.e.m.j.i.AbstractJavaProjectConfigurator - Adding resource folder /work_shop_spring/src/main/resources
2022-08-25 15:19:58,881 [Worker-9: Import Getting Started Content] INFO  o.e.m.j.i.AbstractJavaProjectConfigurator - Adding source folder /work_shop_spring/src/test/java
2022-08-25 15:20:01,431 [Worker-14: Download sources and javadoc] INFO  o.e.m.c.i.e.AbstractTransferListenerAdapter - Downloading https://repo.maven.apache.org/maven2/org/springframework/boot/spring-boot-starter-data-mongodb/2.7.3/spring-boot-starter-data-mongodb-2.7.3-sources.jar
2022-08-25 15:20:01,598 [Worker-14: Download sources and javadoc] INFO  o.e.m.c.i.e.AbstractTransferListenerAdapter - Downloaded https://repo.maven.apache.org/maven2/org/springframework/boot/spring-boot-starter-data-mongodb/2.7.3/spring-boot-starter-data-mongodb-2.7.3-sources.jar
2022-08-25 15:20:01,599 [Worker-14: Download sources and javadoc] INFO  o.e.m.j.internal.DownloadSourcesJob - Downloaded sources for org.springframework.boot:spring-boot-starter-data-mongodb:2.7.3
2022-08-25 15:20:02,146 [Worker-14: Download sources and javadoc] INFO  o.e.m.c.i.e.AbstractTransferListenerAdapter - Downloading https://repo.maven.apache.org/maven2/org/mongodb/mongodb-driver-sync/4.6.1/mongodb-driver-sync-4.6.1-sources.jar
2022-08-25 15:20:02,514 [Worker-14: Download sources and javadoc] INFO  o.e.m.c.i.e.AbstractTransferListenerAdapter - Downloaded https://repo.maven.apache.org/maven2/org/mongodb/mongodb-driver-sync/4.6.1/mongodb-driver-sync-4.6.1-sources.jar
2022-08-25 15:20:02,515 [Worker-14: Download sources and javadoc] INFO  o.e.m.j.internal.DownloadSourcesJob - Downloaded sources for org.mongodb:mongodb-driver-sync:4.6.1
2022-08-25 15:20:03,050 [Worker-14: Download sources and javadoc] INFO  o.e.m.c.i.e.AbstractTransferListenerAdapter - Downloading https://repo.maven.apache.org/maven2/org/mongodb/bson/4.6.1/bson-4.6.1-sources.jar
2022-08-25 15:20:03,303 [Worker-9: Import Getting Started Content] INFO  o.e.m.c.i.p.ProjectConfigurationManager - Imported and configured 1 project(s) in 18 sec
2022-08-25 15:20:03,367 [Worker-9: Import Getting Started Content] INFO  o.e.m.c.i.p.ProjectConfigurationManager - Update started
2022-08-25 15:20:03,816 [Worker-14: Download sources and javadoc] INFO  o.e.m.c.i.e.AbstractTransferListenerAdapter - Downloaded https://repo.maven.apache.org/maven2/org/mongodb/bson/4.6.1/bson-4.6.1-sources.jar
2022-08-25 15:20:03,818 [Worker-14: Download sources and javadoc] INFO  o.e.m.j.internal.DownloadSourcesJob - Downloaded sources for org.mongodb:bson:4.6.1
2022-08-25 15:20:04,943 [Worker-9: Import Getting Started Content] INFO  o.e.m.c.i.l.LifecycleMappingFactory - Using org.eclipse.m2e.jdt.JarLifecycleMapping lifecycle mapping for MavenProject: oi.github.mizaeldouglas:workshopmongo:0.0.1-SNAPSHOT @ /home/mizaeldouglas/projetos/api-rest-work_shop-spring_boot/work_shop_spring/pom.xml.
2022-08-25 15:20:05,200 [Worker-14: Download sources and javadoc] INFO  o.e.m.c.i.e.AbstractTransferListenerAdapter - Downloading https://repo.maven.apache.org/maven2/org/mongodb/mongodb-driver-core/4.6.1/mongodb-driver-core-4.6.1-sources.jar
2022-08-25 15:20:06,105 [Worker-14: Download sources and javadoc] INFO  o.e.m.c.i.e.AbstractTransferListenerAdapter - Downloaded https://repo.maven.apache.org/maven2/org/mongodb/mongodb-driver-core/4.6.1/mongodb-driver-core-4.6.1-sources.jar
2022-08-25 15:20:06,106 [Worker-14: Download sources and javadoc] INFO  o.e.m.j.internal.DownloadSourcesJob - Downloaded sources for org.mongodb:mongodb-driver-core:4.6.1
2022-08-25 15:20:07,757 [Worker-14: Download sources and javadoc] INFO  o.e.m.c.i.e.AbstractTransferListenerAdapter - Downloading https://repo.maven.apache.org/maven2/org/mongodb/bson-record-codec/4.6.1/bson-record-codec-4.6.1-sources.jar
2022-08-25 15:20:07,889 [Worker-14: Download sources and javadoc] INFO  o.e.m.c.i.e.AbstractTransferListenerAdapter - Downloaded https://repo.maven.apache.org/maven2/org/mongodb/bson-record-codec/4.6.1/bson-record-codec-4.6.1-sources.jar
2022-08-25 15:20:07,891 [Worker-14: Download sources and javadoc] INFO  o.e.m.j.internal.DownloadSourcesJob - Downloaded sources for org.mongodb:bson-record-codec:4.6.1
2022-08-25 15:20:08,423 [Worker-14: Download sources and javadoc] INFO  o.e.m.c.i.e.AbstractTransferListenerAdapter - Downloading https://repo.maven.apache.org/maven2/org/springframework/data/spring-data-mongodb/3.4.2/spring-data-mongodb-3.4.2-sources.jar
2022-08-25 15:20:09,225 [Worker-9: Import Getting Started Content] INFO  o.e.m.j.i.AbstractJavaProjectConfigurator - Adding source folder /work_shop_spring/src/main/java
2022-08-25 15:20:09,226 [Worker-9: Import Getting Started Content] INFO  o.e.m.j.i.AbstractJavaProjectConfigurator - Adding resource folder /work_shop_spring/src/main/resources
2022-08-25 15:20:09,226 [Worker-9: Import Getting Started Content] INFO  o.e.m.j.i.AbstractJavaProjectConfigurator - Adding resource folder /work_shop_spring/src/main/resources
2022-08-25 15:20:09,231 [Worker-9: Import Getting Started Content] INFO  o.e.m.j.i.AbstractJavaProjectConfigurator - Adding source folder /work_shop_spring/src/test/java
2022-08-25 15:20:09,374 [Worker-14: Download sources and javadoc] INFO  o.e.m.c.i.e.AbstractTransferListenerAdapter - Downloaded https://repo.maven.apache.org/maven2/org/springframework/data/spring-data-mongodb/3.4.2/spring-data-mongodb-3.4.2-sources.jar
2022-08-25 15:20:09,395 [Worker-14: Download sources and javadoc] INFO  o.e.m.j.internal.DownloadSourcesJob - Downloaded sources for org.springframework.data:spring-data-mongodb:3.4.2
2022-08-25 15:20:11,678 [Worker-9: Import Getting Started Content] INFO  o.e.m.c.i.p.ProjectConfigurationManager - Update completed: 8 sec
2022-08-25 15:20:13,636 [Worker-30: Building] INFO  o.e.m.c.i.embedder.EclipseLogger - Using 'UTF-8' encoding to copy filtered resources.
2022-08-25 15:20:13,636 [Worker-30: Building] INFO  o.e.m.c.i.embedder.EclipseLogger - Using 'UTF-8' encoding to copy filtered properties files.
2022-08-25 15:20:13,641 [Worker-30: Building] INFO  o.e.m.c.i.embedder.EclipseLogger - Copying 1 resource
2022-08-25 15:20:13,682 [Worker-30: Building] INFO  o.e.m.c.i.embedder.EclipseLogger - Copying 0 resource
2022-08-25 15:20:13,698 [Worker-30: Building] INFO  o.e.m.c.i.embedder.EclipseLogger - Using 'UTF-8' encoding to copy filtered resources.
2022-08-25 15:20:13,698 [Worker-30: Building] INFO  o.e.m.c.i.embedder.EclipseLogger - Using 'UTF-8' encoding to copy filtered properties files.
2022-08-25 15:20:13,700 [Worker-30: Building] INFO  o.e.m.c.i.embedder.EclipseLogger - skip non existing resourceDirectory /home/mizaeldouglas/projetos/api-rest-work_shop-spring_boot/work_shop_spring/src/test/resources
2022-08-25 15:22:15,063 [Worker-20: Launching work_shop_spring - WorkShopSpringApplication] INFO  o.e.m.c.i.embedder.EclipseLogger - Using 'UTF-8' encoding to copy filtered resources.
2022-08-25 15:22:15,063 [Worker-20: Launching work_shop_spring - WorkShopSpringApplication] INFO  o.e.m.c.i.embedder.EclipseLogger - Using 'UTF-8' encoding to copy filtered properties files.
2022-08-25 15:22:15,071 [Worker-20: Launching work_shop_spring - WorkShopSpringApplication] INFO  o.e.m.c.i.embedder.EclipseLogger - Copying 1 resource
2022-08-25 15:22:15,072 [Worker-20: Launching work_shop_spring - WorkShopSpringApplication] INFO  o.e.m.c.i.embedder.EclipseLogger - Copying 0 resource
2022-08-25 15:22:15,078 [Worker-20: Launching work_shop_spring - WorkShopSpringApplication] INFO  o.e.m.c.i.embedder.EclipseLogger - Using 'UTF-8' encoding to copy filtered resources.
2022-08-25 15:22:15,078 [Worker-20: Launching work_shop_spring - WorkShopSpringApplication] INFO  o.e.m.c.i.embedder.EclipseLogger - Using 'UTF-8' encoding to copy filtered properties files.
2022-08-25 15:22:15,078 [Worker-20: Launching work_shop_spring - WorkShopSpringApplication] INFO  o.e.m.c.i.embedder.EclipseLogger - skip non existing resourceDirectory /home/mizaeldouglas/projetos/api-rest-work_shop-spring_boot/work_shop_spring/src/test/resources
